<?xml version="1.0" encoding="UTF-8"?>
<testng-results ignored="0" total="1" passed="1" failed="0" skipped="0">
  <reporter-output>
  </reporter-output>
  <suite started-at="2023-03-20T14:55:03Z" name="Default suite" finished-at="2023-03-20T14:55:31Z" duration-ms="28031">
    <groups>
    </groups>
    <test started-at="2023-03-20T14:55:03Z" name="Default test" finished-at="2023-03-20T14:55:31Z" duration-ms="28031">
      <class name="com.actitime.qa.testcases.NewUserPageTest">
        <test-method is-config="true" signature="seup()[pri:0, instance:com.actitime.qa.testcases.NewUserPageTest@24569dba]" started-at="2023-03-20T14:55:03Z" name="seup" finished-at="2023-03-20T14:55:27Z" duration-ms="23937" status="PASS">
          <reporter-output>
          </reporter-output>
        </test-method> <!-- seup -->
        <test-method signature="validateCreateNewUser()[pri:1, instance:com.actitime.qa.testcases.NewUserPageTest@24569dba]" started-at="2023-03-20T14:55:27Z" name="validateCreateNewUser" finished-at="2023-03-20T14:55:31Z" duration-ms="3885" status="PASS">
          <reporter-output>
          </reporter-output>
        </test-method> <!-- validateCreateNewUser -->
        <test-method is-config="true" signature="tearDown()[pri:0, instance:com.actitime.qa.testcases.NewUserPageTest@24569dba]" started-at="2023-03-20T14:55:31Z" name="tearDown" finished-at="2023-03-20T14:55:31Z" duration-ms="188" status="PASS">
          <reporter-output>
          </reporter-output>
        </test-method> <!-- tearDown -->
      </class> <!-- com.actitime.qa.testcases.NewUserPageTest -->
    </test> <!-- Default test -->
  </suite> <!-- Default suite -->
</testng-results>
